{"total": {"lines":{"total":96,"covered":95,"skipped":0,"pct":98.96},"statements":{"total":96,"covered":95,"skipped":0,"pct":98.96},"functions":{"total":27,"covered":26,"skipped":0,"pct":96.3},"branches":{"total":22,"covered":19,"skipped":0,"pct":86.36}}
,"C:\\Users\\smgal\\OneDrive\\Documents\\GitHub\\lapidoty-sqe-workshop-2018-exercise-1\\src\\js\\code-analyzer.js": {"lines":{"total":96,"covered":95,"skipped":0,"pct":98.96},"functions":{"total":27,"covered":26,"skipped":0,"pct":96.3},"statements":{"total":96,"covered":95,"skipped":0,"pct":98.96},"branches":{"total":22,"covered":19,"skipped":0,"pct":86.36}}
}
