{"total": {"lines":{"total":135,"covered":135,"skipped":0,"pct":100},"statements":{"total":148,"covered":148,"skipped":0,"pct":100},"functions":{"total":47,"covered":47,"skipped":0,"pct":100},"branches":{"total":53,"covered":53,"skipped":0,"pct":100}}
,"C:\\Users\\smgal\\OneDrive\\Documents\\GitHub\\lapidoty-sqe-workshop-2018-exercise-2\\src\\js\\code-analyzer.js": {"lines":{"total":135,"covered":135,"skipped":0,"pct":100},"functions":{"total":47,"covered":47,"skipped":0,"pct":100},"statements":{"total":148,"covered":148,"skipped":0,"pct":100},"branches":{"total":53,"covered":53,"skipped":0,"pct":100}}
}
